[2024-03-17T08:36:40.263+0000][0.007s] Using G1
[2024-03-17T08:36:40.789+0000][0.533s] Version: 17.0.10+7 (release)
[2024-03-17T08:36:40.790+0000][0.533s] CPUs: 8 total, 8 available
[2024-03-17T08:36:40.790+0000][0.534s] Memory: 7841M
[2024-03-17T08:36:40.790+0000][0.534s] Large Page Support: Disabled
[2024-03-17T08:36:40.790+0000][0.534s] NUMA Support: Disabled
[2024-03-17T08:36:40.791+0000][0.534s] Compressed Oops: Enabled (32-bit)
[2024-03-17T08:36:40.791+0000][0.534s] Heap Region Size: 1M
[2024-03-17T08:36:40.791+0000][0.535s] Heap Min Capacity: 512M
[2024-03-17T08:36:40.791+0000][0.535s] Heap Initial Capacity: 512M
[2024-03-17T08:36:40.791+0000][0.535s] Heap Max Capacity: 512M
[2024-03-17T08:36:40.792+0000][0.535s] Pre-touch: Enabled
[2024-03-17T08:36:40.792+0000][0.536s] Parallel Workers: 8
[2024-03-17T08:36:40.792+0000][0.536s] Concurrent Workers: 2
[2024-03-17T08:36:40.792+0000][0.536s] Concurrent Refinement Workers: 8
[2024-03-17T08:36:40.792+0000][0.536s] Periodic GC: Disabled
[2024-03-17T08:36:40.814+0000][0.558s] CDS archive(s) mapped at: [0x0000000300000000-0x0000000300a5f000-0x0000000300a5f000), size 10874880, SharedBaseAddress: 0x0000000300000000, ArchiveRelocationMode: 1.
[2024-03-17T08:36:40.814+0000][0.558s] Compressed class space mapped at: 0x0000000301000000-0x0000000341000000, reserved size: 1073741824
[2024-03-17T08:36:40.814+0000][0.558s] Narrow klass base: 0x0000000300000000, Narrow klass shift: 0, Narrow klass range: 0x100000000
[2024-03-17T08:36:42.662+0000][2.406s] GC(0) Pause Young (Normal) (G1 Evacuation Pause)
[2024-03-17T08:36:42.662+0000][2.406s] GC(0) Using 8 workers of 8 for evacuation
[2024-03-17T08:36:42.669+0000][2.413s] GC(0)   Pre Evacuate Collection Set: 0.2ms
[2024-03-17T08:36:42.670+0000][2.413s] GC(0)   Merge Heap Roots: 0.1ms
[2024-03-17T08:36:42.670+0000][2.414s] GC(0)   Evacuate Collection Set: 5.8ms
[2024-03-17T08:36:42.670+0000][2.414s] GC(0)   Post Evacuate Collection Set: 0.5ms
[2024-03-17T08:36:42.670+0000][2.414s] GC(0)   Other: 0.9ms
[2024-03-17T08:36:42.670+0000][2.414s] GC(0) Eden regions: 29->0(57)
[2024-03-17T08:36:42.670+0000][2.414s] GC(0) Survivor regions: 0->4(4)
[2024-03-17T08:36:42.670+0000][2.414s] GC(0) Old regions: 0->1
[2024-03-17T08:36:42.671+0000][2.414s] GC(0) Archive regions: 2->2
[2024-03-17T08:36:42.671+0000][2.414s] GC(0) Humongous regions: 0->0
[2024-03-17T08:36:42.671+0000][2.415s] GC(0) Metaspace: 9941K(10240K)->9941K(10240K) NonClass: 8691K(8832K)->8691K(8832K) Class: 1249K(1408K)->1249K(1408K)
[2024-03-17T08:36:42.671+0000][2.415s] GC(0) Pause Young (Normal) (G1 Evacuation Pause) 29M->5M(512M) 9.032ms
[2024-03-17T08:36:42.671+0000][2.415s] GC(0) User=0.02s Sys=0.00s Real=0.01s
[2024-03-17T08:36:43.630+0000][3.374s] GC(1) Pause Young (Normal) (G1 Evacuation Pause)
[2024-03-17T08:36:43.630+0000][3.374s] GC(1) Using 8 workers of 8 for evacuation
[2024-03-17T08:36:43.679+0000][3.423s] GC(1)   Pre Evacuate Collection Set: 0.1ms
[2024-03-17T08:36:43.686+0000][3.429s] GC(1)   Merge Heap Roots: 0.0ms
[2024-03-17T08:36:43.686+0000][3.430s] GC(1)   Evacuate Collection Set: 44.0ms
[2024-03-17T08:36:43.686+0000][3.430s] GC(1)   Post Evacuate Collection Set: 4.9ms
[2024-03-17T08:36:43.689+0000][3.433s] GC(1)   Other: 0.4ms
[2024-03-17T08:36:43.693+0000][3.437s] GC(1) Eden regions: 54->0(61)
[2024-03-17T08:36:43.698+0000][3.441s] GC(1) Survivor regions: 4->8(8)
[2024-03-17T08:36:43.699+0000][3.443s] GC(1) Old regions: 1->9
[2024-03-17T08:36:43.703+0000][3.447s] GC(1) Archive regions: 2->2
[2024-03-17T08:36:43.705+0000][3.448s] GC(1) Humongous regions: 4->4
[2024-03-17T08:36:43.705+0000][3.448s] GC(1) Metaspace: 17853K(18112K)->17853K(18112K) NonClass: 15639K(15808K)->15639K(15808K) Class: 2214K(2304K)->2214K(2304K)
[2024-03-17T08:36:43.706+0000][3.450s] GC(1) Pause Young (Normal) (G1 Evacuation Pause) 63M->21M(512M) 76.099ms
[2024-03-17T08:36:43.710+0000][3.454s] GC(1) User=0.06s Sys=0.00s Real=0.08s
[2024-03-17T08:36:44.113+0000][3.856s] GC(2) Pause Young (Concurrent Start) (Metadata GC Threshold)
[2024-03-17T08:36:44.114+0000][3.858s] GC(2) Using 8 workers of 8 for evacuation
[2024-03-17T08:36:44.135+0000][3.878s] GC(2)   Pre Evacuate Collection Set: 0.2ms
[2024-03-17T08:36:44.139+0000][3.883s] GC(2)   Merge Heap Roots: 0.1ms
[2024-03-17T08:36:44.140+0000][3.883s] GC(2)   Evacuate Collection Set: 16.2ms
[2024-03-17T08:36:44.140+0000][3.884s] GC(2)   Post Evacuate Collection Set: 2.0ms
[2024-03-17T08:36:44.140+0000][3.884s] GC(2)   Other: 3.6ms
[2024-03-17T08:36:44.140+0000][3.884s] GC(2) Eden regions: 28->0(75)
[2024-03-17T08:36:44.140+0000][3.884s] GC(2) Survivor regions: 8->3(9)
[2024-03-17T08:36:44.140+0000][3.884s] GC(2) Old regions: 9->17
[2024-03-17T08:36:44.140+0000][3.884s] GC(2) Archive regions: 2->2
[2024-03-17T08:36:44.140+0000][3.884s] GC(2) Humongous regions: 4->4
[2024-03-17T08:36:44.140+0000][3.884s] GC(2) Metaspace: 21184K(21504K)->21184K(21504K) NonClass: 18559K(18688K)->18559K(18688K) Class: 2624K(2816K)->2624K(2816K)
[2024-03-17T08:36:44.140+0000][3.884s] GC(2) Pause Young (Concurrent Start) (Metadata GC Threshold) 48M->23M(512M) 27.835ms
[2024-03-17T08:36:44.141+0000][3.884s] GC(2) User=0.01s Sys=0.00s Real=0.03s
[2024-03-17T08:36:44.142+0000][3.886s] GC(3) Concurrent Mark Cycle
[2024-03-17T08:36:44.148+0000][3.892s] GC(3) Concurrent Clear Claimed Marks
[2024-03-17T08:36:44.157+0000][3.901s] GC(3) Concurrent Clear Claimed Marks 8.827ms
[2024-03-17T08:36:44.158+0000][3.902s] GC(3) Concurrent Scan Root Regions
[2024-03-17T08:36:44.161+0000][3.905s] GC(3) Concurrent Scan Root Regions 2.774ms
[2024-03-17T08:36:44.168+0000][3.912s] GC(3) Concurrent Mark
[2024-03-17T08:36:44.169+0000][3.913s] GC(3) Concurrent Mark From Roots
[2024-03-17T08:36:44.170+0000][3.913s] GC(3) Using 2 workers of 2 for marking
[2024-03-17T08:36:44.174+0000][3.918s] GC(3) Concurrent Mark From Roots 5.535ms
[2024-03-17T08:36:44.175+0000][3.918s] GC(3) Concurrent Preclean
[2024-03-17T08:36:44.175+0000][3.919s] GC(3) Concurrent Preclean 0.286ms
[2024-03-17T08:36:44.176+0000][3.920s] GC(3) Pause Remark
[2024-03-17T08:36:44.181+0000][3.925s] GC(3) Pause Remark 25M->25M(512M) 5.134ms
[2024-03-17T08:36:44.187+0000][3.931s] GC(3) User=0.01s Sys=0.00s Real=0.02s
[2024-03-17T08:36:44.188+0000][3.931s] GC(3) Concurrent Mark 19.624ms
[2024-03-17T08:36:44.188+0000][3.931s] GC(3) Concurrent Rebuild Remembered Sets
[2024-03-17T08:36:44.196+0000][3.939s] GC(3) Concurrent Rebuild Remembered Sets 7.973ms
[2024-03-17T08:36:44.199+0000][3.943s] GC(3) Pause Cleanup
[2024-03-17T08:36:44.202+0000][3.946s] GC(3) Pause Cleanup 26M->26M(512M) 3.169ms
[2024-03-17T08:36:44.208+0000][3.951s] GC(3) User=0.01s Sys=0.00s Real=0.01s
[2024-03-17T08:36:44.220+0000][3.964s] GC(3) Concurrent Cleanup for Next Mark
[2024-03-17T08:36:44.220+0000][3.964s] GC(3) Concurrent Cleanup for Next Mark 0.558ms
[2024-03-17T08:36:44.221+0000][3.964s] GC(3) Concurrent Mark Cycle 78.532ms
[2024-03-17T08:36:46.632+0000][6.376s] GC(4) Pause Young (Normal) (G1 Evacuation Pause)
[2024-03-17T08:36:46.634+0000][6.378s] GC(4) Using 8 workers of 8 for evacuation
[2024-03-17T08:36:46.696+0000][6.440s] GC(4)   Pre Evacuate Collection Set: 4.1ms
[2024-03-17T08:36:46.700+0000][6.444s] GC(4)   Merge Heap Roots: 0.9ms
[2024-03-17T08:36:46.701+0000][6.445s] GC(4)   Evacuate Collection Set: 45.0ms
[2024-03-17T08:36:46.702+0000][6.446s] GC(4)   Post Evacuate Collection Set: 7.6ms
[2024-03-17T08:36:46.704+0000][6.448s] GC(4)   Other: 6.2ms
[2024-03-17T08:36:46.709+0000][6.453s] GC(4) Eden regions: 75->0(300)
[2024-03-17T08:36:46.719+0000][6.463s] GC(4) Survivor regions: 3->7(10)
[2024-03-17T08:36:46.728+0000][6.472s] GC(4) Old regions: 17->17
[2024-03-17T08:36:46.737+0000][6.481s] GC(4) Archive regions: 2->2
[2024-03-17T08:36:46.747+0000][6.490s] GC(4) Humongous regions: 4->4
[2024-03-17T08:36:46.759+0000][6.503s] GC(4) Metaspace: 32809K(33152K)->32809K(33152K) NonClass: 28712K(28928K)->28712K(28928K) Class: 4097K(4224K)->4097K(4224K)
[2024-03-17T08:36:46.764+0000][6.508s] GC(4) Pause Young (Normal) (G1 Evacuation Pause) 98M->27M(512M) 132.098ms
[2024-03-17T08:36:46.767+0000][6.511s] GC(4) User=0.05s Sys=0.01s Real=0.14s
[2024-03-17T08:36:47.997+0000][7.741s] GC(5) Pause Young (Concurrent Start) (Metadata GC Threshold)
[2024-03-17T08:36:48.000+0000][7.744s] GC(5) Using 8 workers of 8 for evacuation
[2024-03-17T08:36:48.016+0000][7.760s] GC(5)   Pre Evacuate Collection Set: 0.5ms
[2024-03-17T08:36:48.018+0000][7.761s] GC(5)   Merge Heap Roots: 0.1ms
[2024-03-17T08:36:48.026+0000][7.770s] GC(5)   Evacuate Collection Set: 14.2ms
[2024-03-17T08:36:48.029+0000][7.773s] GC(5)   Post Evacuate Collection Set: 0.7ms
[2024-03-17T08:36:48.029+0000][7.773s] GC(5)   Other: 3.4ms
[2024-03-17T08:36:48.030+0000][7.774s] GC(5) Eden regions: 21->0(299)
[2024-03-17T08:36:48.031+0000][7.774s] GC(5) Survivor regions: 7->8(39)
[2024-03-17T08:36:48.031+0000][7.775s] GC(5) Old regions: 17->17
[2024-03-17T08:36:48.031+0000][7.775s] GC(5) Archive regions: 2->2
[2024-03-17T08:36:48.034+0000][7.778s] GC(5) Humongous regions: 4->4
[2024-03-17T08:36:48.034+0000][7.778s] GC(5) Metaspace: 35882K(36288K)->35882K(36288K) NonClass: 31373K(31552K)->31373K(31552K) Class: 4509K(4736K)->4509K(4736K)
[2024-03-17T08:36:48.035+0000][7.778s] GC(5) Pause Young (Concurrent Start) (Metadata GC Threshold) 48M->29M(512M) 37.395ms
[2024-03-17T08:36:48.036+0000][7.780s] GC(5) User=0.01s Sys=0.01s Real=0.03s
[2024-03-17T08:36:48.037+0000][7.780s] GC(6) Concurrent Mark Cycle
[2024-03-17T08:36:48.038+0000][7.782s] GC(6) Concurrent Clear Claimed Marks
[2024-03-17T08:36:48.044+0000][7.788s] GC(6) Concurrent Clear Claimed Marks 5.987ms
[2024-03-17T08:36:48.052+0000][7.796s] GC(6) Concurrent Scan Root Regions
[2024-03-17T08:36:48.066+0000][7.810s] GC(6) Concurrent Scan Root Regions 13.612ms
[2024-03-17T08:36:48.066+0000][7.810s] GC(6) Concurrent Mark
[2024-03-17T08:36:48.067+0000][7.811s] GC(6) Concurrent Mark From Roots
[2024-03-17T08:36:48.068+0000][7.811s] GC(6) Using 2 workers of 2 for marking
[2024-03-17T08:36:48.119+0000][7.863s] GC(6) Concurrent Mark From Roots 51.578ms
[2024-03-17T08:36:48.121+0000][7.865s] GC(6) Concurrent Preclean
[2024-03-17T08:36:48.121+0000][7.865s] GC(6) Concurrent Preclean 0.387ms
[2024-03-17T08:36:48.125+0000][7.869s] GC(6) Pause Remark
[2024-03-17T08:36:48.144+0000][7.888s] GC(6) Pause Remark 32M->32M(512M) 19.600ms
[2024-03-17T08:36:48.145+0000][7.889s] GC(6) User=0.01s Sys=0.00s Real=0.02s
[2024-03-17T08:36:48.148+0000][7.891s] GC(6) Concurrent Mark 81.357ms
[2024-03-17T08:36:48.159+0000][7.902s] GC(6) Concurrent Rebuild Remembered Sets
[2024-03-17T08:36:48.186+0000][7.930s] GC(6) Concurrent Rebuild Remembered Sets 27.455ms
[2024-03-17T08:36:48.190+0000][7.934s] GC(6) Pause Cleanup
[2024-03-17T08:36:48.196+0000][7.939s] GC(6) Pause Cleanup 32M->32M(512M) 5.514ms
[2024-03-17T08:36:48.202+0000][7.946s] GC(6) User=0.00s Sys=0.00s Real=0.01s
[2024-03-17T08:36:48.203+0000][7.947s] GC(6) Concurrent Cleanup for Next Mark
[2024-03-17T08:36:48.207+0000][7.951s] GC(6) Concurrent Cleanup for Next Mark 4.415ms
[2024-03-17T08:36:48.209+0000][7.952s] GC(6) Concurrent Mark Cycle 172.222ms
[2024-03-17T08:57:39.077+0000][1258.815s] Heap
[2024-03-17T08:57:39.078+0000][1258.816s]  garbage-first heap   total 524288K, used 187101K [0x00000000e0000000, 0x0000000100000000)
[2024-03-17T08:57:39.078+0000][1258.816s]   region size 1024K, 162 young (165888K), 8 survivors (8192K)
[2024-03-17T08:57:39.078+0000][1258.816s]  Metaspace       used 51748K, committed 52224K, reserved 1114112K
[2024-03-17T08:57:39.078+0000][1258.816s]   class space    used 6727K, committed 6976K, reserved 1048576K
