2024-03-16 07:47:58.041 INFO  (main) [c: s: r: x: t:] o.e.j.s.Server jetty-10.0.19; built: 2023-12-15T20:38:32.477Z; git: 8492d1c78f122bb30cce20aecfa07e7283facd47; jvm 17.0.10+7
2024-03-16 07:47:58.766 WARN  (main) [c: s: r: x: t:] o.e.j.u.DeprecationWarning Using @Deprecated Class org.eclipse.jetty.servlet.listener.ELContextCleaner
2024-03-16 07:47:58.986 INFO  (main) [c: s: r: x: t:] o.a.s.s.CoreContainerProvider Using logger factory org.apache.logging.slf4j.Log4jLoggerFactory
2024-03-16 07:47:58.995 INFO  (main) [c: s: r: x: t:] o.a.s.s.CoreContainerProvider  ___      _       Welcome to Apache Solr™ version 9.5.0
2024-03-16 07:47:58.995 INFO  (main) [c: s: r: x: t:] o.a.s.s.CoreContainerProvider / __| ___| |_ _   Starting in standalone mode on port 8983
2024-03-16 07:47:58.995 INFO  (main) [c: s: r: x: t:] o.a.s.s.CoreContainerProvider \__ \/ _ \ | '_|  Install dir: /opt/solr-9.5.0
2024-03-16 07:47:58.995 INFO  (main) [c: s: r: x: t:] o.a.s.s.CoreContainerProvider |___/\___/_|_|    Start time: 2024-03-16T07:47:58.995523761Z
2024-03-16 07:47:58.997 INFO  (main) [c: s: r: x: t:] o.a.s.s.CoreContainerProvider Solr started with "-XX:+CrashOnOutOfMemoryError" that will crash on any OutOfMemoryError exception. The cause of the OOME will be logged in the crash file at the following path: /var/solr/logs/jvm_crash_14.log
2024-03-16 07:47:59.043 INFO  (main) [c: s: r: x: t:] o.a.s.s.CoreContainerProvider Solr Home: /var/solr/data (source: system property: solr.solr.home)
2024-03-16 07:47:59.064 INFO  (main) [c: s: r: x: t:] o.a.s.c.SolrXmlConfig solr.xml not found in SOLR_HOME, using built-in default
2024-03-16 07:47:59.065 INFO  (main) [c: s: r: x: t:] o.a.s.c.SolrXmlConfig Loading solr.xml from /opt/solr-9.5.0/server/solr/solr.xml
2024-03-16 07:47:59.130 INFO  (main) [c: s: r: x: t:] o.a.s.c.SolrResourceLoader Added 1 libs to classloader, from paths: [/opt/solr-9.5.0/lib]
2024-03-16 07:48:00.315 INFO  (main) [c: s: r: x: t:] o.a.s.u.t.SimplePropagator Always-on trace id generation enabled.
2024-03-16 07:48:00.901 WARN  (main) [c: s: r: x: t:] o.a.s.u.StartupLoggingUtils Jetty request logging enabled. Will retain logs for last 3 days. See chapter "Configuring Logging" in reference guide for how to configure.
2024-03-16 07:48:00.906 WARN  (main) [c: s: r: x: t:] o.a.s.c.CoreContainer Not all security plugins configured!  authentication=disabled authorization=disabled.  Solr is only as secure as you make it. Consider configuring authentication/authorization before exposing Solr to users internal or external.  See https://s.apache.org/solrsecurity for more info
2024-03-16 07:48:01.250 INFO  (main) [c: s: r: x: t:] o.a.s.c.CorePropertiesLocator Found 2 core definitions underneath /var/solr/data
2024-03-16 07:48:01.250 INFO  (main) [c: s: r: x: t:] o.a.s.c.CorePropertiesLocator Cores are: [restaurants, gettingstarted]
2024-03-16 07:48:01.336 INFO  (coreLoadExecutor-11-thread-1) [c: s: r: x:restaurants t:] o.a.s.c.SolrConfig Using Lucene MatchVersion: 9.9.0
2024-03-16 07:48:01.346 INFO  (coreLoadExecutor-11-thread-2) [c: s: r: x:gettingstarted t:] o.a.s.c.SolrConfig Using Lucene MatchVersion: 9.9.0
2024-03-16 07:48:01.687 INFO  (coreLoadExecutor-11-thread-1) [c: s: r: x:restaurants t:] o.a.s.s.IndexSchema Schema name=default-config
2024-03-16 07:48:01.699 INFO  (coreLoadExecutor-11-thread-2) [c: s: r: x:gettingstarted t:] o.a.s.s.IndexSchema Schema name=default-config
2024-03-16 07:48:01.972 WARN  (main) [c: s: r: x: t:] o.g.j.m.i.MessagingBinders A class jakarta.activation.DataSource for a default provider MessageBodyWriter<jakarta.activation.DataSource> was not found. The provider is not available.
2024-03-16 07:48:02.656 INFO  (main) [c: s: r: x: t:] o.a.s.j.SolrRequestAuthorizer Creating a new SolrRequestAuthorizer
2024-03-16 07:48:02.703 INFO  (coreLoadExecutor-11-thread-1) [c: s: r: x:restaurants t:] o.a.s.s.IndexSchema Loaded schema default-config/1.6 with uniqueid field id
2024-03-16 07:48:02.703 INFO  (coreLoadExecutor-11-thread-1) [c: s: r: x:restaurants t:] o.a.s.c.CoreContainer Creating SolrCore 'restaurants' using configuration from instancedir /var/solr/data/restaurants, trusted=true
2024-03-16 07:48:02.704 INFO  (coreLoadExecutor-11-thread-2) [c: s: r: x:gettingstarted t:] o.a.s.s.IndexSchema Loaded schema default-config/1.6 with uniqueid field id
2024-03-16 07:48:02.704 INFO  (coreLoadExecutor-11-thread-2) [c: s: r: x:gettingstarted t:] o.a.s.c.CoreContainer Creating SolrCore 'gettingstarted' using configuration from instancedir /var/solr/data/gettingstarted, trusted=true
2024-03-16 07:48:02.775 INFO  (coreLoadExecutor-11-thread-1) [c: s: r: x:restaurants t:] o.a.s.c.SolrCore Opening new SolrCore at [/var/solr/data/restaurants], dataDir=[/var/solr/data/restaurants/data/]
2024-03-16 07:48:02.775 INFO  (coreLoadExecutor-11-thread-2) [c: s: r: x:gettingstarted t:] o.a.s.c.SolrCore Opening new SolrCore at [/var/solr/data/gettingstarted], dataDir=[/var/solr/data/gettingstarted/data/]
2024-03-16 07:48:02.922 INFO  (main) [c: s: r: x: t:] o.e.j.s.h.ContextHandler Started o.e.j.w.WebAppContext@21362712{solr-jetty-context.xml,/solr,file:///opt/solr-9.5.0/server/solr-webapp/webapp/,AVAILABLE}{/opt/solr-9.5.0/server/solr-webapp/webapp}
2024-03-16 07:48:02.944 INFO  (main) [c: s: r: x: t:] o.e.j.s.RequestLogWriter Opened /var/solr/logs/2024_03_16.request.log
2024-03-16 07:48:02.950 INFO  (main) [c: s: r: x: t:] o.e.j.s.AbstractConnector Started ServerConnector@666b83a4{HTTP/1.1, (http/1.1, h2c)}{0.0.0.0:8983}
2024-03-16 07:48:02.952 INFO  (main) [c: s: r: x: t:] o.e.j.s.Server Started Server@3e8f7922{STARTING}[10.0.19,sto=0] @7780ms
2024-03-16 07:48:03.469 INFO  (coreLoadExecutor-11-thread-1) [c: s: r: x:restaurants t:] o.a.s.j.SolrRequestAuthorizer Creating a new SolrRequestAuthorizer
2024-03-16 07:48:03.487 INFO  (coreLoadExecutor-11-thread-2) [c: s: r: x:gettingstarted t:] o.a.s.j.SolrRequestAuthorizer Creating a new SolrRequestAuthorizer
2024-03-16 07:48:03.517 INFO  (coreLoadExecutor-11-thread-2) [c: s: r: x:gettingstarted t:] o.a.s.u.UpdateHandler Using UpdateLog implementation: org.apache.solr.update.UpdateLog
2024-03-16 07:48:03.517 INFO  (coreLoadExecutor-11-thread-1) [c: s: r: x:restaurants t:] o.a.s.u.UpdateHandler Using UpdateLog implementation: org.apache.solr.update.UpdateLog
2024-03-16 07:48:03.517 INFO  (coreLoadExecutor-11-thread-1) [c: s: r: x:restaurants t:] o.a.s.u.UpdateLog Initializing UpdateLog: dataDir= defaultSyncLevel=FLUSH numRecordsToKeep=100 maxNumLogsToKeep=10 numVersionBuckets=65536
2024-03-16 07:48:03.517 INFO  (coreLoadExecutor-11-thread-2) [c: s: r: x:gettingstarted t:] o.a.s.u.UpdateLog Initializing UpdateLog: dataDir= defaultSyncLevel=FLUSH numRecordsToKeep=100 maxNumLogsToKeep=10 numVersionBuckets=65536
2024-03-16 07:48:03.535 INFO  (coreLoadExecutor-11-thread-2) [c: s: r: x:gettingstarted t:] o.a.s.u.CommitTracker Hard AutoCommit: if uncommitted for 15000ms; 
2024-03-16 07:48:03.535 INFO  (coreLoadExecutor-11-thread-2) [c: s: r: x:gettingstarted t:] o.a.s.u.CommitTracker Soft AutoCommit: if uncommitted for 3000ms; 
2024-03-16 07:48:03.535 INFO  (coreLoadExecutor-11-thread-1) [c: s: r: x:restaurants t:] o.a.s.u.CommitTracker Hard AutoCommit: if uncommitted for 15000ms; 
2024-03-16 07:48:03.535 INFO  (coreLoadExecutor-11-thread-1) [c: s: r: x:restaurants t:] o.a.s.u.CommitTracker Soft AutoCommit: if uncommitted for 3000ms; 
2024-03-16 07:48:03.587 INFO  (coreLoadExecutor-11-thread-1) [c: s: r: x:restaurants t:] o.a.s.r.ManagedResourceStorage File-based storage initialized to use dir: /var/solr/data/restaurants/conf
2024-03-16 07:48:03.588 INFO  (coreLoadExecutor-11-thread-2) [c: s: r: x:gettingstarted t:] o.a.s.r.ManagedResourceStorage File-based storage initialized to use dir: /var/solr/data/gettingstarted/conf
2024-03-16 07:48:03.611 INFO  (coreLoadExecutor-11-thread-1) [c: s: r: x:restaurants t:] o.a.s.s.DirectSolrSpellChecker init: {maxEdits=2, minPrefix=1, maxInspections=5, minQueryLength=4, accuracy=0.5, maxQueryFrequency=0.01, name=default, field=_text_, classname=solr.DirectSolrSpellChecker, distanceMeasure=internal}
2024-03-16 07:48:03.611 INFO  (coreLoadExecutor-11-thread-2) [c: s: r: x:gettingstarted t:] o.a.s.s.DirectSolrSpellChecker init: {maxEdits=2, minPrefix=1, maxInspections=5, minQueryLength=4, accuracy=0.5, maxQueryFrequency=0.01, name=default, field=_text_, classname=solr.DirectSolrSpellChecker, distanceMeasure=internal}
2024-03-16 07:48:03.622 INFO  (coreLoadExecutor-11-thread-2) [c: s: r: x:gettingstarted t:] o.a.s.h.ReplicationHandler Commits will be reserved for 10000 ms
2024-03-16 07:48:03.622 INFO  (coreLoadExecutor-11-thread-1) [c: s: r: x:restaurants t:] o.a.s.h.ReplicationHandler Commits will be reserved for 10000 ms
2024-03-16 07:48:03.625 INFO  (searcherExecutor-13-thread-1-processing-restaurants) [c: s: r: x:restaurants t:] o.a.s.c.QuerySenderListener QuerySenderListener done.
2024-03-16 07:48:03.625 INFO  (searcherExecutor-13-thread-1-processing-restaurants) [c: s: r: x:restaurants t:] o.a.s.h.c.SpellCheckComponent Loading spell index for spellchecker: default
2024-03-16 07:48:03.625 INFO  (searcherExecutor-15-thread-1-processing-gettingstarted) [c: s: r: x:gettingstarted t:] o.a.s.c.QuerySenderListener QuerySenderListener done.
2024-03-16 07:48:03.625 INFO  (searcherExecutor-15-thread-1-processing-gettingstarted) [c: s: r: x:gettingstarted t:] o.a.s.h.c.SpellCheckComponent Loading spell index for spellchecker: default
2024-03-16 07:48:03.644 INFO  (searcherExecutor-15-thread-1-processing-gettingstarted) [c: s: r: x:gettingstarted t:] o.a.s.c.SolrCore Registered new searcher autowarm time: 0 ms
2024-03-16 07:48:03.646 INFO  (searcherExecutor-13-thread-1-processing-restaurants) [c: s: r: x:restaurants t:] o.a.s.c.SolrCore Registered new searcher autowarm time: 0 ms
2024-03-16 07:48:08.343 INFO  (qtp1415289182-25-null-1) [c: s: r: x:restaurants t:null-1] o.a.s.c.S.Request webapp=/solr path=/select params={q=*:*&start=0&rows=0&wt=javabin&version=2} hits=0 status=0 QTime=14
2024-03-16 07:48:11.338 ERROR (qtp1415289182-19-null-2) [c: s: r: x:restaurants t:null-2] o.a.s.h.RequestHandlerBase Client exception => org.apache.solr.common.SolrException: undefined field name
	at org.apache.solr.schema.IndexSchema.getDynamicFieldType(IndexSchema.java:1485)
org.apache.solr.common.SolrException: undefined field name
	at org.apache.solr.schema.IndexSchema.getDynamicFieldType(IndexSchema.java:1485) ~[?:?]
	at org.apache.solr.schema.IndexSchema$SolrQueryAnalyzer.getWrappedAnalyzer(IndexSchema.java:506) ~[?:?]
	at org.apache.lucene.analysis.DelegatingAnalyzerWrapper$DelegatingReuseStrategy.getReusableComponents(DelegatingAnalyzerWrapper.java:83) ~[?:?]
	at org.apache.lucene.analysis.Analyzer.tokenStream(Analyzer.java:184) ~[?:?]
	at org.apache.lucene.util.QueryBuilder.createFieldQuery(QueryBuilder.java:257) ~[?:?]
	at org.apache.solr.parser.SolrQueryParserBase.newFieldQuery(SolrQueryParserBase.java:530) ~[?:?]
	at org.apache.solr.parser.QueryParser.newFieldQuery(QueryParser.java:68) ~[?:?]
	at org.apache.solr.parser.SolrQueryParserBase.getFieldQuery(SolrQueryParserBase.java:1143) ~[?:?]
	at org.apache.solr.parser.SolrQueryParserBase.getFieldQuery(SolrQueryParserBase.java:547) ~[?:?]
	at org.apache.solr.parser.SolrQueryParserBase.handleQuotedTerm(SolrQueryParserBase.java:875) ~[?:?]
	at org.apache.solr.parser.QueryParser.Term(QueryParser.java:600) ~[?:?]
	at org.apache.solr.parser.QueryParser.Clause(QueryParser.java:293) ~[?:?]
	at org.apache.solr.parser.QueryParser.Query(QueryParser.java:173) ~[?:?]
	at org.apache.solr.parser.QueryParser.TopLevelQuery(QueryParser.java:143) ~[?:?]
	at org.apache.solr.parser.SolrQueryParserBase.parse(SolrQueryParserBase.java:276) ~[?:?]
	at org.apache.solr.search.LuceneQParser.parse(LuceneQParser.java:51) ~[?:?]
	at org.apache.solr.search.QParser.getQuery(QParser.java:188) ~[?:?]
	at org.apache.solr.handler.component.QueryComponent.prepare(QueryComponent.java:173) ~[?:?]
	at org.apache.solr.handler.component.SearchHandler.handleRequestBody(SearchHandler.java:431) ~[?:?]
	at org.apache.solr.handler.RequestHandlerBase.handleRequest(RequestHandlerBase.java:226) ~[?:?]
	at org.apache.solr.core.SolrCore.execute(SolrCore.java:2884) ~[?:?]
	at org.apache.solr.servlet.HttpSolrCall.executeCoreRequest(HttpSolrCall.java:875) ~[?:?]
	at org.apache.solr.servlet.HttpSolrCall.call(HttpSolrCall.java:561) ~[?:?]
	at org.apache.solr.servlet.SolrDispatchFilter.dispatch(SolrDispatchFilter.java:262) ~[?:?]
	at org.apache.solr.servlet.SolrDispatchFilter.lambda$doFilter$0(SolrDispatchFilter.java:219) ~[?:?]
	at org.apache.solr.servlet.ServletUtils.traceHttpRequestExecution2(ServletUtils.java:249) ~[?:?]
	at org.apache.solr.servlet.ServletUtils.rateLimitRequest(ServletUtils.java:215) ~[?:?]
	at org.apache.solr.servlet.SolrDispatchFilter.doFilter(SolrDispatchFilter.java:213) ~[?:?]
	at org.apache.solr.servlet.SolrDispatchFilter.doFilter(SolrDispatchFilter.java:195) ~[?:?]
	at org.eclipse.jetty.servlet.FilterHolder.doFilter(FilterHolder.java:210) ~[jetty-servlet-10.0.19.jar:10.0.19]
	at org.eclipse.jetty.servlet.ServletHandler$Chain.doFilter(ServletHandler.java:1635) ~[jetty-servlet-10.0.19.jar:10.0.19]
	at org.eclipse.jetty.servlet.ServletHandler.doHandle(ServletHandler.java:527) ~[jetty-servlet-10.0.19.jar:10.0.19]
	at org.eclipse.jetty.server.handler.ScopedHandler.handle(ScopedHandler.java:131) ~[jetty-server-10.0.19.jar:10.0.19]
	at org.eclipse.jetty.security.SecurityHandler.handle(SecurityHandler.java:598) ~[jetty-security-10.0.19.jar:10.0.19]
	at org.eclipse.jetty.server.handler.HandlerWrapper.handle(HandlerWrapper.java:122) ~[jetty-server-10.0.19.jar:10.0.19]
	at org.eclipse.jetty.server.handler.ScopedHandler.nextHandle(ScopedHandler.java:223) ~[jetty-server-10.0.19.jar:10.0.19]
	at org.eclipse.jetty.server.session.SessionHandler.doHandle(SessionHandler.java:1580) ~[jetty-server-10.0.19.jar:10.0.19]
	at org.eclipse.jetty.server.handler.ScopedHandler.nextHandle(ScopedHandler.java:221) ~[jetty-server-10.0.19.jar:10.0.19]
	at org.eclipse.jetty.server.handler.ContextHandler.doHandle(ContextHandler.java:1384) ~[jetty-server-10.0.19.jar:10.0.19]
	at org.eclipse.jetty.server.handler.ScopedHandler.nextScope(ScopedHandler.java:176) ~[jetty-server-10.0.19.jar:10.0.19]
	at org.eclipse.jetty.servlet.ServletHandler.doScope(ServletHandler.java:484) ~[jetty-servlet-10.0.19.jar:10.0.19]
	at org.eclipse.jetty.server.session.SessionHandler.doScope(SessionHandler.java:1553) ~[jetty-server-10.0.19.jar:10.0.19]
	at org.eclipse.jetty.server.handler.ScopedHandler.nextScope(ScopedHandler.java:174) ~[jetty-server-10.0.19.jar:10.0.19]
	at org.eclipse.jetty.server.handler.ContextHandler.doScope(ContextHandler.java:1306) ~[jetty-server-10.0.19.jar:10.0.19]
	at org.eclipse.jetty.server.handler.ScopedHandler.handle(ScopedHandler.java:129) ~[jetty-server-10.0.19.jar:10.0.19]
	at org.eclipse.jetty.server.handler.ContextHandlerCollection.handle(ContextHandlerCollection.java:149) ~[jetty-server-10.0.19.jar:10.0.19]
	at org.eclipse.jetty.server.handler.InetAccessHandler.handle(InetAccessHandler.java:228) ~[jetty-server-10.0.19.jar:10.0.19]
	at org.eclipse.jetty.server.handler.HandlerCollection.handle(HandlerCollection.java:141) ~[jetty-server-10.0.19.jar:10.0.19]
	at org.eclipse.jetty.server.handler.HandlerWrapper.handle(HandlerWrapper.java:122) ~[jetty-server-10.0.19.jar:10.0.19]
	at org.eclipse.jetty.rewrite.handler.RewriteHandler.handle(RewriteHandler.java:301) ~[jetty-rewrite-10.0.19.jar:10.0.19]
	at org.eclipse.jetty.server.handler.HandlerWrapper.handle(HandlerWrapper.java:122) ~[jetty-server-10.0.19.jar:10.0.19]
	at org.eclipse.jetty.server.handler.gzip.GzipHandler.handle(GzipHandler.java:822) ~[jetty-server-10.0.19.jar:10.0.19]
	at org.eclipse.jetty.server.handler.HandlerWrapper.handle(HandlerWrapper.java:122) ~[jetty-server-10.0.19.jar:10.0.19]
	at org.eclipse.jetty.server.Server.handle(Server.java:563) ~[jetty-server-10.0.19.jar:10.0.19]
	at org.eclipse.jetty.server.HttpChannel$RequestDispatchable.dispatch(HttpChannel.java:1598) ~[jetty-server-10.0.19.jar:10.0.19]
	at org.eclipse.jetty.server.HttpChannel.dispatch(HttpChannel.java:753) ~[jetty-server-10.0.19.jar:10.0.19]
	at org.eclipse.jetty.server.HttpChannel.handle(HttpChannel.java:501) ~[jetty-server-10.0.19.jar:10.0.19]
	at org.eclipse.jetty.server.HttpConnection.onFillable(HttpConnection.java:287) ~[jetty-server-10.0.19.jar:10.0.19]
	at org.eclipse.jetty.io.AbstractConnection$ReadCallback.succeeded(AbstractConnection.java:314) ~[jetty-io-10.0.19.jar:10.0.19]
	at org.eclipse.jetty.io.FillInterest.fillable(FillInterest.java:100) ~[jetty-io-10.0.19.jar:10.0.19]
	at org.eclipse.jetty.io.SelectableChannelEndPoint$1.run(SelectableChannelEndPoint.java:53) ~[jetty-io-10.0.19.jar:10.0.19]
	at org.eclipse.jetty.util.thread.strategy.AdaptiveExecutionStrategy.runTask(AdaptiveExecutionStrategy.java:421) ~[jetty-util-10.0.19.jar:10.0.19]
	at org.eclipse.jetty.util.thread.strategy.AdaptiveExecutionStrategy.consumeTask(AdaptiveExecutionStrategy.java:390) ~[jetty-util-10.0.19.jar:10.0.19]
	at org.eclipse.jetty.util.thread.strategy.AdaptiveExecutionStrategy.tryProduce(AdaptiveExecutionStrategy.java:277) ~[jetty-util-10.0.19.jar:10.0.19]
	at org.eclipse.jetty.util.thread.strategy.AdaptiveExecutionStrategy.produce(AdaptiveExecutionStrategy.java:193) ~[jetty-util-10.0.19.jar:10.0.19]
	at org.eclipse.jetty.util.thread.QueuedThreadPool.runJob(QueuedThreadPool.java:969) ~[jetty-util-10.0.19.jar:10.0.19]
	at org.eclipse.jetty.util.thread.QueuedThreadPool$Runner.doRunJob(QueuedThreadPool.java:1194) ~[jetty-util-10.0.19.jar:10.0.19]
	at org.eclipse.jetty.util.thread.QueuedThreadPool$Runner.run(QueuedThreadPool.java:1149) ~[jetty-util-10.0.19.jar:10.0.19]
	at java.base/java.lang.Thread.run(Unknown Source) [?:?]
2024-03-16 07:48:11.338 INFO  (qtp1415289182-19-null-2) [c: s: r: x:restaurants t:null-2] o.a.s.c.S.Request webapp=/solr path=/select params={q=name:"Lokanta+Restaurant"&start=0&rows=1&wt=javabin&version=2} status=400 QTime=2
2024-03-16 07:48:12.599 ERROR (qtp1415289182-24-null-3) [c: s: r: x:restaurants t:null-3] o.a.s.h.RequestHandlerBase Client exception => org.apache.solr.common.SolrException: undefined field name
	at org.apache.solr.schema.IndexSchema.getDynamicFieldType(IndexSchema.java:1485)
org.apache.solr.common.SolrException: undefined field name
	at org.apache.solr.schema.IndexSchema.getDynamicFieldType(IndexSchema.java:1485) ~[?:?]
	at org.apache.solr.schema.IndexSchema$SolrQueryAnalyzer.getWrappedAnalyzer(IndexSchema.java:506) ~[?:?]
	at org.apache.lucene.analysis.DelegatingAnalyzerWrapper$DelegatingReuseStrategy.getReusableComponents(DelegatingAnalyzerWrapper.java:83) ~[?:?]
	at org.apache.lucene.analysis.Analyzer.tokenStream(Analyzer.java:184) ~[?:?]
	at org.apache.lucene.util.QueryBuilder.createFieldQuery(QueryBuilder.java:257) ~[?:?]
	at org.apache.solr.parser.SolrQueryParserBase.newFieldQuery(SolrQueryParserBase.java:530) ~[?:?]
	at org.apache.solr.parser.QueryParser.newFieldQuery(QueryParser.java:68) ~[?:?]
	at org.apache.solr.parser.SolrQueryParserBase.getFieldQuery(SolrQueryParserBase.java:1143) ~[?:?]
	at org.apache.solr.parser.SolrQueryParserBase.getFieldQuery(SolrQueryParserBase.java:547) ~[?:?]
	at org.apache.solr.parser.SolrQueryParserBase.handleQuotedTerm(SolrQueryParserBase.java:875) ~[?:?]
	at org.apache.solr.parser.QueryParser.Term(QueryParser.java:600) ~[?:?]
	at org.apache.solr.parser.QueryParser.Clause(QueryParser.java:293) ~[?:?]
	at org.apache.solr.parser.QueryParser.Query(QueryParser.java:173) ~[?:?]
	at org.apache.solr.parser.QueryParser.TopLevelQuery(QueryParser.java:143) ~[?:?]
	at org.apache.solr.parser.SolrQueryParserBase.parse(SolrQueryParserBase.java:276) ~[?:?]
	at org.apache.solr.search.LuceneQParser.parse(LuceneQParser.java:51) ~[?:?]
	at org.apache.solr.search.QParser.getQuery(QParser.java:188) ~[?:?]
	at org.apache.solr.handler.component.QueryComponent.prepare(QueryComponent.java:173) ~[?:?]
	at org.apache.solr.handler.component.SearchHandler.handleRequestBody(SearchHandler.java:431) ~[?:?]
	at org.apache.solr.handler.RequestHandlerBase.handleRequest(RequestHandlerBase.java:226) ~[?:?]
	at org.apache.solr.core.SolrCore.execute(SolrCore.java:2884) ~[?:?]
	at org.apache.solr.servlet.HttpSolrCall.executeCoreRequest(HttpSolrCall.java:875) ~[?:?]
	at org.apache.solr.servlet.HttpSolrCall.call(HttpSolrCall.java:561) ~[?:?]
	at org.apache.solr.servlet.SolrDispatchFilter.dispatch(SolrDispatchFilter.java:262) ~[?:?]
	at org.apache.solr.servlet.SolrDispatchFilter.lambda$doFilter$0(SolrDispatchFilter.java:219) ~[?:?]
	at org.apache.solr.servlet.ServletUtils.traceHttpRequestExecution2(ServletUtils.java:249) ~[?:?]
	at org.apache.solr.servlet.ServletUtils.rateLimitRequest(ServletUtils.java:215) ~[?:?]
	at org.apache.solr.servlet.SolrDispatchFilter.doFilter(SolrDispatchFilter.java:213) ~[?:?]
	at org.apache.solr.servlet.SolrDispatchFilter.doFilter(SolrDispatchFilter.java:195) ~[?:?]
	at org.eclipse.jetty.servlet.FilterHolder.doFilter(FilterHolder.java:210) ~[jetty-servlet-10.0.19.jar:10.0.19]
	at org.eclipse.jetty.servlet.ServletHandler$Chain.doFilter(ServletHandler.java:1635) ~[jetty-servlet-10.0.19.jar:10.0.19]
	at org.eclipse.jetty.servlet.ServletHandler.doHandle(ServletHandler.java:527) ~[jetty-servlet-10.0.19.jar:10.0.19]
	at org.eclipse.jetty.server.handler.ScopedHandler.handle(ScopedHandler.java:131) ~[jetty-server-10.0.19.jar:10.0.19]
	at org.eclipse.jetty.security.SecurityHandler.handle(SecurityHandler.java:598) ~[jetty-security-10.0.19.jar:10.0.19]
	at org.eclipse.jetty.server.handler.HandlerWrapper.handle(HandlerWrapper.java:122) ~[jetty-server-10.0.19.jar:10.0.19]
	at org.eclipse.jetty.server.handler.ScopedHandler.nextHandle(ScopedHandler.java:223) ~[jetty-server-10.0.19.jar:10.0.19]
	at org.eclipse.jetty.server.session.SessionHandler.doHandle(SessionHandler.java:1580) ~[jetty-server-10.0.19.jar:10.0.19]
	at org.eclipse.jetty.server.handler.ScopedHandler.nextHandle(ScopedHandler.java:221) ~[jetty-server-10.0.19.jar:10.0.19]
	at org.eclipse.jetty.server.handler.ContextHandler.doHandle(ContextHandler.java:1384) ~[jetty-server-10.0.19.jar:10.0.19]
	at org.eclipse.jetty.server.handler.ScopedHandler.nextScope(ScopedHandler.java:176) ~[jetty-server-10.0.19.jar:10.0.19]
	at org.eclipse.jetty.servlet.ServletHandler.doScope(ServletHandler.java:484) ~[jetty-servlet-10.0.19.jar:10.0.19]
	at org.eclipse.jetty.server.session.SessionHandler.doScope(SessionHandler.java:1553) ~[jetty-server-10.0.19.jar:10.0.19]
	at org.eclipse.jetty.server.handler.ScopedHandler.nextScope(ScopedHandler.java:174) ~[jetty-server-10.0.19.jar:10.0.19]
	at org.eclipse.jetty.server.handler.ContextHandler.doScope(ContextHandler.java:1306) ~[jetty-server-10.0.19.jar:10.0.19]
	at org.eclipse.jetty.server.handler.ScopedHandler.handle(ScopedHandler.java:129) ~[jetty-server-10.0.19.jar:10.0.19]
	at org.eclipse.jetty.server.handler.ContextHandlerCollection.handle(ContextHandlerCollection.java:149) ~[jetty-server-10.0.19.jar:10.0.19]
	at org.eclipse.jetty.server.handler.InetAccessHandler.handle(InetAccessHandler.java:228) ~[jetty-server-10.0.19.jar:10.0.19]
	at org.eclipse.jetty.server.handler.HandlerCollection.handle(HandlerCollection.java:141) ~[jetty-server-10.0.19.jar:10.0.19]
	at org.eclipse.jetty.server.handler.HandlerWrapper.handle(HandlerWrapper.java:122) ~[jetty-server-10.0.19.jar:10.0.19]
	at org.eclipse.jetty.rewrite.handler.RewriteHandler.handle(RewriteHandler.java:301) ~[jetty-rewrite-10.0.19.jar:10.0.19]
	at org.eclipse.jetty.server.handler.HandlerWrapper.handle(HandlerWrapper.java:122) ~[jetty-server-10.0.19.jar:10.0.19]
	at org.eclipse.jetty.server.handler.gzip.GzipHandler.handle(GzipHandler.java:822) ~[jetty-server-10.0.19.jar:10.0.19]
	at org.eclipse.jetty.server.handler.HandlerWrapper.handle(HandlerWrapper.java:122) ~[jetty-server-10.0.19.jar:10.0.19]
	at org.eclipse.jetty.server.Server.handle(Server.java:563) ~[jetty-server-10.0.19.jar:10.0.19]
	at org.eclipse.jetty.server.HttpChannel$RequestDispatchable.dispatch(HttpChannel.java:1598) ~[jetty-server-10.0.19.jar:10.0.19]
	at org.eclipse.jetty.server.HttpChannel.dispatch(HttpChannel.java:753) ~[jetty-server-10.0.19.jar:10.0.19]
	at org.eclipse.jetty.server.HttpChannel.handle(HttpChannel.java:501) ~[jetty-server-10.0.19.jar:10.0.19]
	at org.eclipse.jetty.server.HttpConnection.onFillable(HttpConnection.java:287) ~[jetty-server-10.0.19.jar:10.0.19]
	at org.eclipse.jetty.io.AbstractConnection$ReadCallback.succeeded(AbstractConnection.java:314) ~[jetty-io-10.0.19.jar:10.0.19]
	at org.eclipse.jetty.io.FillInterest.fillable(FillInterest.java:100) ~[jetty-io-10.0.19.jar:10.0.19]
	at org.eclipse.jetty.io.SelectableChannelEndPoint$1.run(SelectableChannelEndPoint.java:53) ~[jetty-io-10.0.19.jar:10.0.19]
	at org.eclipse.jetty.util.thread.strategy.AdaptiveExecutionStrategy.runTask(AdaptiveExecutionStrategy.java:421) ~[jetty-util-10.0.19.jar:10.0.19]
	at org.eclipse.jetty.util.thread.strategy.AdaptiveExecutionStrategy.consumeTask(AdaptiveExecutionStrategy.java:390) ~[jetty-util-10.0.19.jar:10.0.19]
	at org.eclipse.jetty.util.thread.strategy.AdaptiveExecutionStrategy.tryProduce(AdaptiveExecutionStrategy.java:277) ~[jetty-util-10.0.19.jar:10.0.19]
	at org.eclipse.jetty.util.thread.strategy.AdaptiveExecutionStrategy.run(AdaptiveExecutionStrategy.java:199) ~[jetty-util-10.0.19.jar:10.0.19]
	at org.eclipse.jetty.util.thread.ReservedThreadExecutor$ReservedThread.run(ReservedThreadExecutor.java:411) ~[jetty-util-10.0.19.jar:10.0.19]
	at org.eclipse.jetty.util.thread.QueuedThreadPool.runJob(QueuedThreadPool.java:969) ~[jetty-util-10.0.19.jar:10.0.19]
	at org.eclipse.jetty.util.thread.QueuedThreadPool$Runner.doRunJob(QueuedThreadPool.java:1194) ~[jetty-util-10.0.19.jar:10.0.19]
	at org.eclipse.jetty.util.thread.QueuedThreadPool$Runner.run(QueuedThreadPool.java:1149) ~[jetty-util-10.0.19.jar:10.0.19]
	at java.base/java.lang.Thread.run(Unknown Source) [?:?]
2024-03-16 07:48:12.600 INFO  (qtp1415289182-24-null-3) [c: s: r: x:restaurants t:null-3] o.a.s.c.S.Request webapp=/solr path=/select params={q=name:"Lokanta+Restaurant"&start=0&rows=1&wt=javabin&version=2} status=400 QTime=1
2024-03-16 07:48:13.173 ERROR (qtp1415289182-26-null-4) [c: s: r: x:restaurants t:null-4] o.a.s.h.RequestHandlerBase Client exception => org.apache.solr.common.SolrException: undefined field name
	at org.apache.solr.schema.IndexSchema.getDynamicFieldType(IndexSchema.java:1485)
org.apache.solr.common.SolrException: undefined field name
	at org.apache.solr.schema.IndexSchema.getDynamicFieldType(IndexSchema.java:1485) ~[?:?]
	at org.apache.solr.schema.IndexSchema$SolrQueryAnalyzer.getWrappedAnalyzer(IndexSchema.java:506) ~[?:?]
	at org.apache.lucene.analysis.DelegatingAnalyzerWrapper$DelegatingReuseStrategy.getReusableComponents(DelegatingAnalyzerWrapper.java:83) ~[?:?]
	at org.apache.lucene.analysis.Analyzer.tokenStream(Analyzer.java:184) ~[?:?]
	at org.apache.lucene.util.QueryBuilder.createFieldQuery(QueryBuilder.java:257) ~[?:?]
	at org.apache.solr.parser.SolrQueryParserBase.newFieldQuery(SolrQueryParserBase.java:530) ~[?:?]
	at org.apache.solr.parser.QueryParser.newFieldQuery(QueryParser.java:68) ~[?:?]
	at org.apache.solr.parser.SolrQueryParserBase.getFieldQuery(SolrQueryParserBase.java:1143) ~[?:?]
	at org.apache.solr.parser.SolrQueryParserBase.getFieldQuery(SolrQueryParserBase.java:547) ~[?:?]
	at org.apache.solr.parser.SolrQueryParserBase.handleQuotedTerm(SolrQueryParserBase.java:875) ~[?:?]
	at org.apache.solr.parser.QueryParser.Term(QueryParser.java:600) ~[?:?]
	at org.apache.solr.parser.QueryParser.Clause(QueryParser.java:293) ~[?:?]
	at org.apache.solr.parser.QueryParser.Query(QueryParser.java:173) ~[?:?]
	at org.apache.solr.parser.QueryParser.TopLevelQuery(QueryParser.java:143) ~[?:?]
	at org.apache.solr.parser.SolrQueryParserBase.parse(SolrQueryParserBase.java:276) ~[?:?]
	at org.apache.solr.search.LuceneQParser.parse(LuceneQParser.java:51) ~[?:?]
	at org.apache.solr.search.QParser.getQuery(QParser.java:188) ~[?:?]
	at org.apache.solr.handler.component.QueryComponent.prepare(QueryComponent.java:173) ~[?:?]
	at org.apache.solr.handler.component.SearchHandler.handleRequestBody(SearchHandler.java:431) ~[?:?]
	at org.apache.solr.handler.RequestHandlerBase.handleRequest(RequestHandlerBase.java:226) ~[?:?]
	at org.apache.solr.core.SolrCore.execute(SolrCore.java:2884) ~[?:?]
	at org.apache.solr.servlet.HttpSolrCall.executeCoreRequest(HttpSolrCall.java:875) ~[?:?]
	at org.apache.solr.servlet.HttpSolrCall.call(HttpSolrCall.java:561) ~[?:?]
	at org.apache.solr.servlet.SolrDispatchFilter.dispatch(SolrDispatchFilter.java:262) ~[?:?]
	at org.apache.solr.servlet.SolrDispatchFilter.lambda$doFilter$0(SolrDispatchFilter.java:219) ~[?:?]
	at org.apache.solr.servlet.ServletUtils.traceHttpRequestExecution2(ServletUtils.java:249) ~[?:?]
	at org.apache.solr.servlet.ServletUtils.rateLimitRequest(ServletUtils.java:215) ~[?:?]
	at org.apache.solr.servlet.SolrDispatchFilter.doFilter(SolrDispatchFilter.java:213) ~[?:?]
	at org.apache.solr.servlet.SolrDispatchFilter.doFilter(SolrDispatchFilter.java:195) ~[?:?]
	at org.eclipse.jetty.servlet.FilterHolder.doFilter(FilterHolder.java:210) ~[jetty-servlet-10.0.19.jar:10.0.19]
	at org.eclipse.jetty.servlet.ServletHandler$Chain.doFilter(ServletHandler.java:1635) ~[jetty-servlet-10.0.19.jar:10.0.19]
	at org.eclipse.jetty.servlet.ServletHandler.doHandle(ServletHandler.java:527) ~[jetty-servlet-10.0.19.jar:10.0.19]
	at org.eclipse.jetty.server.handler.ScopedHandler.handle(ScopedHandler.java:131) ~[jetty-server-10.0.19.jar:10.0.19]
	at org.eclipse.jetty.security.SecurityHandler.handle(SecurityHandler.java:598) ~[jetty-security-10.0.19.jar:10.0.19]
	at org.eclipse.jetty.server.handler.HandlerWrapper.handle(HandlerWrapper.java:122) ~[jetty-server-10.0.19.jar:10.0.19]
	at org.eclipse.jetty.server.handler.ScopedHandler.nextHandle(ScopedHandler.java:223) ~[jetty-server-10.0.19.jar:10.0.19]
	at org.eclipse.jetty.server.session.SessionHandler.doHandle(SessionHandler.java:1580) ~[jetty-server-10.0.19.jar:10.0.19]
	at org.eclipse.jetty.server.handler.ScopedHandler.nextHandle(ScopedHandler.java:221) ~[jetty-server-10.0.19.jar:10.0.19]
	at org.eclipse.jetty.server.handler.ContextHandler.doHandle(ContextHandler.java:1384) ~[jetty-server-10.0.19.jar:10.0.19]
	at org.eclipse.jetty.server.handler.ScopedHandler.nextScope(ScopedHandler.java:176) ~[jetty-server-10.0.19.jar:10.0.19]
	at org.eclipse.jetty.servlet.ServletHandler.doScope(ServletHandler.java:484) ~[jetty-servlet-10.0.19.jar:10.0.19]
	at org.eclipse.jetty.server.session.SessionHandler.doScope(SessionHandler.java:1553) ~[jetty-server-10.0.19.jar:10.0.19]
	at org.eclipse.jetty.server.handler.ScopedHandler.nextScope(ScopedHandler.java:174) ~[jetty-server-10.0.19.jar:10.0.19]
	at org.eclipse.jetty.server.handler.ContextHandler.doScope(ContextHandler.java:1306) ~[jetty-server-10.0.19.jar:10.0.19]
	at org.eclipse.jetty.server.handler.ScopedHandler.handle(ScopedHandler.java:129) ~[jetty-server-10.0.19.jar:10.0.19]
	at org.eclipse.jetty.server.handler.ContextHandlerCollection.handle(ContextHandlerCollection.java:149) ~[jetty-server-10.0.19.jar:10.0.19]
	at org.eclipse.jetty.server.handler.InetAccessHandler.handle(InetAccessHandler.java:228) ~[jetty-server-10.0.19.jar:10.0.19]
	at org.eclipse.jetty.server.handler.HandlerCollection.handle(HandlerCollection.java:141) ~[jetty-server-10.0.19.jar:10.0.19]
	at org.eclipse.jetty.server.handler.HandlerWrapper.handle(HandlerWrapper.java:122) ~[jetty-server-10.0.19.jar:10.0.19]
	at org.eclipse.jetty.rewrite.handler.RewriteHandler.handle(RewriteHandler.java:301) ~[jetty-rewrite-10.0.19.jar:10.0.19]
	at org.eclipse.jetty.server.handler.HandlerWrapper.handle(HandlerWrapper.java:122) ~[jetty-server-10.0.19.jar:10.0.19]
	at org.eclipse.jetty.server.handler.gzip.GzipHandler.handle(GzipHandler.java:822) ~[jetty-server-10.0.19.jar:10.0.19]
	at org.eclipse.jetty.server.handler.HandlerWrapper.handle(HandlerWrapper.java:122) ~[jetty-server-10.0.19.jar:10.0.19]
	at org.eclipse.jetty.server.Server.handle(Server.java:563) ~[jetty-server-10.0.19.jar:10.0.19]
	at org.eclipse.jetty.server.HttpChannel$RequestDispatchable.dispatch(HttpChannel.java:1598) ~[jetty-server-10.0.19.jar:10.0.19]
	at org.eclipse.jetty.server.HttpChannel.dispatch(HttpChannel.java:753) ~[jetty-server-10.0.19.jar:10.0.19]
	at org.eclipse.jetty.server.HttpChannel.handle(HttpChannel.java:501) ~[jetty-server-10.0.19.jar:10.0.19]
	at org.eclipse.jetty.server.HttpConnection.onFillable(HttpConnection.java:287) ~[jetty-server-10.0.19.jar:10.0.19]
	at org.eclipse.jetty.io.AbstractConnection$ReadCallback.succeeded(AbstractConnection.java:314) ~[jetty-io-10.0.19.jar:10.0.19]
	at org.eclipse.jetty.io.FillInterest.fillable(FillInterest.java:100) ~[jetty-io-10.0.19.jar:10.0.19]
	at org.eclipse.jetty.io.SelectableChannelEndPoint$1.run(SelectableChannelEndPoint.java:53) ~[jetty-io-10.0.19.jar:10.0.19]
	at org.eclipse.jetty.util.thread.strategy.AdaptiveExecutionStrategy.runTask(AdaptiveExecutionStrategy.java:421) ~[jetty-util-10.0.19.jar:10.0.19]
	at org.eclipse.jetty.util.thread.strategy.AdaptiveExecutionStrategy.consumeTask(AdaptiveExecutionStrategy.java:390) ~[jetty-util-10.0.19.jar:10.0.19]
	at org.eclipse.jetty.util.thread.strategy.AdaptiveExecutionStrategy.tryProduce(AdaptiveExecutionStrategy.java:277) ~[jetty-util-10.0.19.jar:10.0.19]
	at org.eclipse.jetty.util.thread.strategy.AdaptiveExecutionStrategy.run(AdaptiveExecutionStrategy.java:199) ~[jetty-util-10.0.19.jar:10.0.19]
	at org.eclipse.jetty.util.thread.ReservedThreadExecutor$ReservedThread.run(ReservedThreadExecutor.java:411) ~[jetty-util-10.0.19.jar:10.0.19]
	at org.eclipse.jetty.util.thread.QueuedThreadPool.runJob(QueuedThreadPool.java:969) ~[jetty-util-10.0.19.jar:10.0.19]
	at org.eclipse.jetty.util.thread.QueuedThreadPool$Runner.doRunJob(QueuedThreadPool.java:1194) ~[jetty-util-10.0.19.jar:10.0.19]
	at org.eclipse.jetty.util.thread.QueuedThreadPool$Runner.run(QueuedThreadPool.java:1149) ~[jetty-util-10.0.19.jar:10.0.19]
	at java.base/java.lang.Thread.run(Unknown Source) [?:?]
2024-03-16 07:48:13.173 INFO  (qtp1415289182-26-null-4) [c: s: r: x:restaurants t:null-4] o.a.s.c.S.Request webapp=/solr path=/select params={q=name:"Lokanta+Restaurant"&start=0&rows=1&wt=javabin&version=2} status=400 QTime=1
2024-03-16 07:48:16.393 ERROR (qtp1415289182-24-null-5) [c: s: r: x:restaurants t:null-5] o.a.s.h.RequestHandlerBase Client exception => org.apache.solr.common.SolrException: undefined field name
	at org.apache.solr.schema.IndexSchema.getDynamicFieldType(IndexSchema.java:1485)
org.apache.solr.common.SolrException: undefined field name
	at org.apache.solr.schema.IndexSchema.getDynamicFieldType(IndexSchema.java:1485) ~[?:?]
	at org.apache.solr.schema.IndexSchema$SolrQueryAnalyzer.getWrappedAnalyzer(IndexSchema.java:506) ~[?:?]
	at org.apache.lucene.analysis.DelegatingAnalyzerWrapper$DelegatingReuseStrategy.getReusableComponents(DelegatingAnalyzerWrapper.java:83) ~[?:?]
	at org.apache.lucene.analysis.Analyzer.tokenStream(Analyzer.java:184) ~[?:?]
	at org.apache.lucene.util.QueryBuilder.createFieldQuery(QueryBuilder.java:257) ~[?:?]
	at org.apache.solr.parser.SolrQueryParserBase.newFieldQuery(SolrQueryParserBase.java:530) ~[?:?]
	at org.apache.solr.parser.QueryParser.newFieldQuery(QueryParser.java:68) ~[?:?]
	at org.apache.solr.parser.SolrQueryParserBase.getFieldQuery(SolrQueryParserBase.java:1143) ~[?:?]
	at org.apache.solr.parser.SolrQueryParserBase.getFieldQuery(SolrQueryParserBase.java:547) ~[?:?]
	at org.apache.solr.parser.SolrQueryParserBase.handleQuotedTerm(SolrQueryParserBase.java:875) ~[?:?]
	at org.apache.solr.parser.QueryParser.Term(QueryParser.java:600) ~[?:?]
	at org.apache.solr.parser.QueryParser.Clause(QueryParser.java:293) ~[?:?]
	at org.apache.solr.parser.QueryParser.Query(QueryParser.java:173) ~[?:?]
	at org.apache.solr.parser.QueryParser.TopLevelQuery(QueryParser.java:143) ~[?:?]
	at org.apache.solr.parser.SolrQueryParserBase.parse(SolrQueryParserBase.java:276) ~[?:?]
	at org.apache.solr.search.LuceneQParser.parse(LuceneQParser.java:51) ~[?:?]
	at org.apache.solr.search.QParser.getQuery(QParser.java:188) ~[?:?]
	at org.apache.solr.handler.component.QueryComponent.prepare(QueryComponent.java:173) ~[?:?]
	at org.apache.solr.handler.component.SearchHandler.handleRequestBody(SearchHandler.java:431) ~[?:?]
	at org.apache.solr.handler.RequestHandlerBase.handleRequest(RequestHandlerBase.java:226) ~[?:?]
	at org.apache.solr.core.SolrCore.execute(SolrCore.java:2884) ~[?:?]
	at org.apache.solr.servlet.HttpSolrCall.executeCoreRequest(HttpSolrCall.java:875) ~[?:?]
	at org.apache.solr.servlet.HttpSolrCall.call(HttpSolrCall.java:561) ~[?:?]
	at org.apache.solr.servlet.SolrDispatchFilter.dispatch(SolrDispatchFilter.java:262) ~[?:?]
	at org.apache.solr.servlet.SolrDispatchFilter.lambda$doFilter$0(SolrDispatchFilter.java:219) ~[?:?]
	at org.apache.solr.servlet.ServletUtils.traceHttpRequestExecution2(ServletUtils.java:249) ~[?:?]
	at org.apache.solr.servlet.ServletUtils.rateLimitRequest(ServletUtils.java:215) ~[?:?]
	at org.apache.solr.servlet.SolrDispatchFilter.doFilter(SolrDispatchFilter.java:213) ~[?:?]
	at org.apache.solr.servlet.SolrDispatchFilter.doFilter(SolrDispatchFilter.java:195) ~[?:?]
	at org.eclipse.jetty.servlet.FilterHolder.doFilter(FilterHolder.java:210) ~[jetty-servlet-10.0.19.jar:10.0.19]
	at org.eclipse.jetty.servlet.ServletHandler$Chain.doFilter(ServletHandler.java:1635) ~[jetty-servlet-10.0.19.jar:10.0.19]
	at org.eclipse.jetty.servlet.ServletHandler.doHandle(ServletHandler.java:527) ~[jetty-servlet-10.0.19.jar:10.0.19]
	at org.eclipse.jetty.server.handler.ScopedHandler.handle(ScopedHandler.java:131) ~[jetty-server-10.0.19.jar:10.0.19]
	at org.eclipse.jetty.security.SecurityHandler.handle(SecurityHandler.java:598) ~[jetty-security-10.0.19.jar:10.0.19]
	at org.eclipse.jetty.server.handler.HandlerWrapper.handle(HandlerWrapper.java:122) ~[jetty-server-10.0.19.jar:10.0.19]
	at org.eclipse.jetty.server.handler.ScopedHandler.nextHandle(ScopedHandler.java:223) ~[jetty-server-10.0.19.jar:10.0.19]
	at org.eclipse.jetty.server.session.SessionHandler.doHandle(SessionHandler.java:1580) ~[jetty-server-10.0.19.jar:10.0.19]
	at org.eclipse.jetty.server.handler.ScopedHandler.nextHandle(ScopedHandler.java:221) ~[jetty-server-10.0.19.jar:10.0.19]
	at org.eclipse.jetty.server.handler.ContextHandler.doHandle(ContextHandler.java:1384) ~[jetty-server-10.0.19.jar:10.0.19]
	at org.eclipse.jetty.server.handler.ScopedHandler.nextScope(ScopedHandler.java:176) ~[jetty-server-10.0.19.jar:10.0.19]
	at org.eclipse.jetty.servlet.ServletHandler.doScope(ServletHandler.java:484) ~[jetty-servlet-10.0.19.jar:10.0.19]
	at org.eclipse.jetty.server.session.SessionHandler.doScope(SessionHandler.java:1553) ~[jetty-server-10.0.19.jar:10.0.19]
	at org.eclipse.jetty.server.handler.ScopedHandler.nextScope(ScopedHandler.java:174) ~[jetty-server-10.0.19.jar:10.0.19]
	at org.eclipse.jetty.server.handler.ContextHandler.doScope(ContextHandler.java:1306) ~[jetty-server-10.0.19.jar:10.0.19]
	at org.eclipse.jetty.server.handler.ScopedHandler.handle(ScopedHandler.java:129) ~[jetty-server-10.0.19.jar:10.0.19]
	at org.eclipse.jetty.server.handler.ContextHandlerCollection.handle(ContextHandlerCollection.java:149) ~[jetty-server-10.0.19.jar:10.0.19]
	at org.eclipse.jetty.server.handler.InetAccessHandler.handle(InetAccessHandler.java:228) ~[jetty-server-10.0.19.jar:10.0.19]
	at org.eclipse.jetty.server.handler.HandlerCollection.handle(HandlerCollection.java:141) ~[jetty-server-10.0.19.jar:10.0.19]
	at org.eclipse.jetty.server.handler.HandlerWrapper.handle(HandlerWrapper.java:122) ~[jetty-server-10.0.19.jar:10.0.19]
	at org.eclipse.jetty.rewrite.handler.RewriteHandler.handle(RewriteHandler.java:301) ~[jetty-rewrite-10.0.19.jar:10.0.19]
	at org.eclipse.jetty.server.handler.HandlerWrapper.handle(HandlerWrapper.java:122) ~[jetty-server-10.0.19.jar:10.0.19]
	at org.eclipse.jetty.server.handler.gzip.GzipHandler.handle(GzipHandler.java:822) ~[jetty-server-10.0.19.jar:10.0.19]
	at org.eclipse.jetty.server.handler.HandlerWrapper.handle(HandlerWrapper.java:122) ~[jetty-server-10.0.19.jar:10.0.19]
	at org.eclipse.jetty.server.Server.handle(Server.java:563) ~[jetty-server-10.0.19.jar:10.0.19]
	at org.eclipse.jetty.server.HttpChannel$RequestDispatchable.dispatch(HttpChannel.java:1598) ~[jetty-server-10.0.19.jar:10.0.19]
	at org.eclipse.jetty.server.HttpChannel.dispatch(HttpChannel.java:753) ~[jetty-server-10.0.19.jar:10.0.19]
	at org.eclipse.jetty.server.HttpChannel.handle(HttpChannel.java:501) ~[jetty-server-10.0.19.jar:10.0.19]
	at org.eclipse.jetty.server.HttpConnection.onFillable(HttpConnection.java:287) ~[jetty-server-10.0.19.jar:10.0.19]
	at org.eclipse.jetty.io.AbstractConnection$ReadCallback.succeeded(AbstractConnection.java:314) ~[jetty-io-10.0.19.jar:10.0.19]
	at org.eclipse.jetty.io.FillInterest.fillable(FillInterest.java:100) ~[jetty-io-10.0.19.jar:10.0.19]
	at org.eclipse.jetty.io.SelectableChannelEndPoint$1.run(SelectableChannelEndPoint.java:53) ~[jetty-io-10.0.19.jar:10.0.19]
	at org.eclipse.jetty.util.thread.strategy.AdaptiveExecutionStrategy.runTask(AdaptiveExecutionStrategy.java:421) ~[jetty-util-10.0.19.jar:10.0.19]
	at org.eclipse.jetty.util.thread.strategy.AdaptiveExecutionStrategy.consumeTask(AdaptiveExecutionStrategy.java:390) ~[jetty-util-10.0.19.jar:10.0.19]
	at org.eclipse.jetty.util.thread.strategy.AdaptiveExecutionStrategy.tryProduce(AdaptiveExecutionStrategy.java:277) ~[jetty-util-10.0.19.jar:10.0.19]
	at org.eclipse.jetty.util.thread.strategy.AdaptiveExecutionStrategy.run(AdaptiveExecutionStrategy.java:199) ~[jetty-util-10.0.19.jar:10.0.19]
	at org.eclipse.jetty.util.thread.ReservedThreadExecutor$ReservedThread.run(ReservedThreadExecutor.java:411) ~[jetty-util-10.0.19.jar:10.0.19]
	at org.eclipse.jetty.util.thread.QueuedThreadPool.runJob(QueuedThreadPool.java:969) ~[jetty-util-10.0.19.jar:10.0.19]
	at org.eclipse.jetty.util.thread.QueuedThreadPool$Runner.doRunJob(QueuedThreadPool.java:1194) ~[jetty-util-10.0.19.jar:10.0.19]
	at org.eclipse.jetty.util.thread.QueuedThreadPool$Runner.run(QueuedThreadPool.java:1149) ~[jetty-util-10.0.19.jar:10.0.19]
	at java.base/java.lang.Thread.run(Unknown Source) [?:?]
2024-03-16 07:48:16.394 INFO  (qtp1415289182-24-null-5) [c: s: r: x:restaurants t:null-5] o.a.s.c.S.Request webapp=/solr path=/select params={q=name:"Lokanta+Restaurant"&start=0&rows=1&wt=javabin&version=2} status=400 QTime=2
2024-03-16 07:48:17.407 ERROR (qtp1415289182-26-null-6) [c: s: r: x:restaurants t:null-6] o.a.s.h.RequestHandlerBase Client exception => org.apache.solr.common.SolrException: undefined field name
	at org.apache.solr.schema.IndexSchema.getDynamicFieldType(IndexSchema.java:1485)
org.apache.solr.common.SolrException: undefined field name
	at org.apache.solr.schema.IndexSchema.getDynamicFieldType(IndexSchema.java:1485) ~[?:?]
	at org.apache.solr.schema.IndexSchema$SolrQueryAnalyzer.getWrappedAnalyzer(IndexSchema.java:506) ~[?:?]
	at org.apache.lucene.analysis.DelegatingAnalyzerWrapper$DelegatingReuseStrategy.getReusableComponents(DelegatingAnalyzerWrapper.java:83) ~[?:?]
	at org.apache.lucene.analysis.Analyzer.tokenStream(Analyzer.java:184) ~[?:?]
	at org.apache.lucene.util.QueryBuilder.createFieldQuery(QueryBuilder.java:257) ~[?:?]
	at org.apache.solr.parser.SolrQueryParserBase.newFieldQuery(SolrQueryParserBase.java:530) ~[?:?]
	at org.apache.solr.parser.QueryParser.newFieldQuery(QueryParser.java:68) ~[?:?]
	at org.apache.solr.parser.SolrQueryParserBase.getFieldQuery(SolrQueryParserBase.java:1143) ~[?:?]
	at org.apache.solr.parser.SolrQueryParserBase.getFieldQuery(SolrQueryParserBase.java:547) ~[?:?]
	at org.apache.solr.parser.SolrQueryParserBase.handleQuotedTerm(SolrQueryParserBase.java:875) ~[?:?]
	at org.apache.solr.parser.QueryParser.Term(QueryParser.java:600) ~[?:?]
	at org.apache.solr.parser.QueryParser.Clause(QueryParser.java:293) ~[?:?]
	at org.apache.solr.parser.QueryParser.Query(QueryParser.java:173) ~[?:?]
	at org.apache.solr.parser.QueryParser.TopLevelQuery(QueryParser.java:143) ~[?:?]
	at org.apache.solr.parser.SolrQueryParserBase.parse(SolrQueryParserBase.java:276) ~[?:?]
	at org.apache.solr.search.LuceneQParser.parse(LuceneQParser.java:51) ~[?:?]
	at org.apache.solr.search.QParser.getQuery(QParser.java:188) ~[?:?]
	at org.apache.solr.handler.component.QueryComponent.prepare(QueryComponent.java:173) ~[?:?]
	at org.apache.solr.handler.component.SearchHandler.handleRequestBody(SearchHandler.java:431) ~[?:?]
	at org.apache.solr.handler.RequestHandlerBase.handleRequest(RequestHandlerBase.java:226) ~[?:?]
	at org.apache.solr.core.SolrCore.execute(SolrCore.java:2884) ~[?:?]
	at org.apache.solr.servlet.HttpSolrCall.executeCoreRequest(HttpSolrCall.java:875) ~[?:?]
	at org.apache.solr.servlet.HttpSolrCall.call(HttpSolrCall.java:561) ~[?:?]
	at org.apache.solr.servlet.SolrDispatchFilter.dispatch(SolrDispatchFilter.java:262) ~[?:?]
	at org.apache.solr.servlet.SolrDispatchFilter.lambda$doFilter$0(SolrDispatchFilter.java:219) ~[?:?]
	at org.apache.solr.servlet.ServletUtils.traceHttpRequestExecution2(ServletUtils.java:249) ~[?:?]
	at org.apache.solr.servlet.ServletUtils.rateLimitRequest(ServletUtils.java:215) ~[?:?]
	at org.apache.solr.servlet.SolrDispatchFilter.doFilter(SolrDispatchFilter.java:213) ~[?:?]
	at org.apache.solr.servlet.SolrDispatchFilter.doFilter(SolrDispatchFilter.java:195) ~[?:?]
	at org.eclipse.jetty.servlet.FilterHolder.doFilter(FilterHolder.java:210) ~[jetty-servlet-10.0.19.jar:10.0.19]
	at org.eclipse.jetty.servlet.ServletHandler$Chain.doFilter(ServletHandler.java:1635) ~[jetty-servlet-10.0.19.jar:10.0.19]
	at org.eclipse.jetty.servlet.ServletHandler.doHandle(ServletHandler.java:527) ~[jetty-servlet-10.0.19.jar:10.0.19]
	at org.eclipse.jetty.server.handler.ScopedHandler.handle(ScopedHandler.java:131) ~[jetty-server-10.0.19.jar:10.0.19]
	at org.eclipse.jetty.security.SecurityHandler.handle(SecurityHandler.java:598) ~[jetty-security-10.0.19.jar:10.0.19]
	at org.eclipse.jetty.server.handler.HandlerWrapper.handle(HandlerWrapper.java:122) ~[jetty-server-10.0.19.jar:10.0.19]
	at org.eclipse.jetty.server.handler.ScopedHandler.nextHandle(ScopedHandler.java:223) ~[jetty-server-10.0.19.jar:10.0.19]
	at org.eclipse.jetty.server.session.SessionHandler.doHandle(SessionHandler.java:1580) ~[jetty-server-10.0.19.jar:10.0.19]
	at org.eclipse.jetty.server.handler.ScopedHandler.nextHandle(ScopedHandler.java:221) ~[jetty-server-10.0.19.jar:10.0.19]
	at org.eclipse.jetty.server.handler.ContextHandler.doHandle(ContextHandler.java:1384) ~[jetty-server-10.0.19.jar:10.0.19]
	at org.eclipse.jetty.server.handler.ScopedHandler.nextScope(ScopedHandler.java:176) ~[jetty-server-10.0.19.jar:10.0.19]
	at org.eclipse.jetty.servlet.ServletHandler.doScope(ServletHandler.java:484) ~[jetty-servlet-10.0.19.jar:10.0.19]
	at org.eclipse.jetty.server.session.SessionHandler.doScope(SessionHandler.java:1553) ~[jetty-server-10.0.19.jar:10.0.19]
	at org.eclipse.jetty.server.handler.ScopedHandler.nextScope(ScopedHandler.java:174) ~[jetty-server-10.0.19.jar:10.0.19]
	at org.eclipse.jetty.server.handler.ContextHandler.doScope(ContextHandler.java:1306) ~[jetty-server-10.0.19.jar:10.0.19]
	at org.eclipse.jetty.server.handler.ScopedHandler.handle(ScopedHandler.java:129) ~[jetty-server-10.0.19.jar:10.0.19]
	at org.eclipse.jetty.server.handler.ContextHandlerCollection.handle(ContextHandlerCollection.java:149) ~[jetty-server-10.0.19.jar:10.0.19]
	at org.eclipse.jetty.server.handler.InetAccessHandler.handle(InetAccessHandler.java:228) ~[jetty-server-10.0.19.jar:10.0.19]
	at org.eclipse.jetty.server.handler.HandlerCollection.handle(HandlerCollection.java:141) ~[jetty-server-10.0.19.jar:10.0.19]
	at org.eclipse.jetty.server.handler.HandlerWrapper.handle(HandlerWrapper.java:122) ~[jetty-server-10.0.19.jar:10.0.19]
	at org.eclipse.jetty.rewrite.handler.RewriteHandler.handle(RewriteHandler.java:301) ~[jetty-rewrite-10.0.19.jar:10.0.19]
	at org.eclipse.jetty.server.handler.HandlerWrapper.handle(HandlerWrapper.java:122) ~[jetty-server-10.0.19.jar:10.0.19]
	at org.eclipse.jetty.server.handler.gzip.GzipHandler.handle(GzipHandler.java:822) ~[jetty-server-10.0.19.jar:10.0.19]
	at org.eclipse.jetty.server.handler.HandlerWrapper.handle(HandlerWrapper.java:122) ~[jetty-server-10.0.19.jar:10.0.19]
	at org.eclipse.jetty.server.Server.handle(Server.java:563) ~[jetty-server-10.0.19.jar:10.0.19]
	at org.eclipse.jetty.server.HttpChannel$RequestDispatchable.dispatch(HttpChannel.java:1598) ~[jetty-server-10.0.19.jar:10.0.19]
	at org.eclipse.jetty.server.HttpChannel.dispatch(HttpChannel.java:753) ~[jetty-server-10.0.19.jar:10.0.19]
	at org.eclipse.jetty.server.HttpChannel.handle(HttpChannel.java:501) ~[jetty-server-10.0.19.jar:10.0.19]
	at org.eclipse.jetty.server.HttpConnection.onFillable(HttpConnection.java:287) ~[jetty-server-10.0.19.jar:10.0.19]
	at org.eclipse.jetty.io.AbstractConnection$ReadCallback.succeeded(AbstractConnection.java:314) ~[jetty-io-10.0.19.jar:10.0.19]
	at org.eclipse.jetty.io.FillInterest.fillable(FillInterest.java:100) ~[jetty-io-10.0.19.jar:10.0.19]
	at org.eclipse.jetty.io.SelectableChannelEndPoint$1.run(SelectableChannelEndPoint.java:53) ~[jetty-io-10.0.19.jar:10.0.19]
	at org.eclipse.jetty.util.thread.strategy.AdaptiveExecutionStrategy.runTask(AdaptiveExecutionStrategy.java:421) ~[jetty-util-10.0.19.jar:10.0.19]
	at org.eclipse.jetty.util.thread.strategy.AdaptiveExecutionStrategy.consumeTask(AdaptiveExecutionStrategy.java:390) ~[jetty-util-10.0.19.jar:10.0.19]
	at org.eclipse.jetty.util.thread.strategy.AdaptiveExecutionStrategy.tryProduce(AdaptiveExecutionStrategy.java:277) ~[jetty-util-10.0.19.jar:10.0.19]
	at org.eclipse.jetty.util.thread.strategy.AdaptiveExecutionStrategy.run(AdaptiveExecutionStrategy.java:199) ~[jetty-util-10.0.19.jar:10.0.19]
	at org.eclipse.jetty.util.thread.ReservedThreadExecutor$ReservedThread.run(ReservedThreadExecutor.java:411) ~[jetty-util-10.0.19.jar:10.0.19]
	at org.eclipse.jetty.util.thread.QueuedThreadPool.runJob(QueuedThreadPool.java:969) ~[jetty-util-10.0.19.jar:10.0.19]
	at org.eclipse.jetty.util.thread.QueuedThreadPool$Runner.doRunJob(QueuedThreadPool.java:1194) ~[jetty-util-10.0.19.jar:10.0.19]
	at org.eclipse.jetty.util.thread.QueuedThreadPool$Runner.run(QueuedThreadPool.java:1149) ~[jetty-util-10.0.19.jar:10.0.19]
	at java.base/java.lang.Thread.run(Unknown Source) [?:?]
2024-03-16 07:48:17.407 INFO  (qtp1415289182-26-null-6) [c: s: r: x:restaurants t:null-6] o.a.s.c.S.Request webapp=/solr path=/select params={q=name:"Lokanta+Restaurant"&start=0&rows=1&wt=javabin&version=2} status=400 QTime=1
2024-03-16 07:49:38.089 INFO  (JettyShutdownThread) [c: s: r: x: t:] o.e.j.s.Server Stopped Server@3e8f7922{STOPPING}[10.0.19,sto=0]
2024-03-16 07:49:38.094 INFO  (JettyShutdownThread) [c: s: r: x: t:] o.e.j.s.AbstractConnector Stopped ServerConnector@666b83a4{HTTP/1.1, (http/1.1, h2c)}{0.0.0.0:8983}
2024-03-16 07:49:38.118 INFO  (JettyShutdownThread) [c: s: r: x: t:] o.a.s.c.CoreContainer Shutting down CoreContainer instance=1555965524
2024-03-16 07:49:38.126 INFO  (coreCloseExecutor-25-thread-2) [c: s: r: x:gettingstarted t:] o.a.s.c.SolrCore CLOSING SolrCore org.apache.solr.core.SolrCore@3b07043c gettingstarted
2024-03-16 07:49:38.126 INFO  (coreCloseExecutor-25-thread-1) [c: s: r: x:restaurants t:] o.a.s.c.SolrCore CLOSING SolrCore org.apache.solr.core.SolrCore@7722d6b0 restaurants
2024-03-16 07:49:38.128 INFO  (coreCloseExecutor-25-thread-2) [c: s: r: x:gettingstarted t:] o.a.s.m.SolrMetricManager Closing metric reporters for registry=solr.core.gettingstarted tag=SolrCore@3b07043c
2024-03-16 07:49:38.159 INFO  (coreCloseExecutor-25-thread-1) [c: s: r: x:restaurants t:] o.a.s.m.SolrMetricManager Closing metric reporters for registry=solr.core.restaurants tag=SolrCore@7722d6b0
2024-03-16 07:49:38.173 INFO  (coreCloseExecutor-25-thread-2) [c: s: r: x:gettingstarted t:] o.a.s.u.DirectUpdateHandler2 Committing on IndexWriter.close()  ... SKIPPED (unnecessary).
2024-03-16 07:49:38.196 INFO  (coreCloseExecutor-25-thread-1) [c: s: r: x:restaurants t:] o.a.s.u.DirectUpdateHandler2 Committing on IndexWriter.close()  ... SKIPPED (unnecessary).
2024-03-16 07:49:38.204 INFO  (JettyShutdownThread) [c: s: r: x: t:] o.a.s.m.SolrMetricManager Closing metric reporters for registry=solr.node tag=null
2024-03-16 07:49:38.210 INFO  (JettyShutdownThread) [c: s: r: x: t:] o.a.s.m.SolrMetricManager Closing metric reporters for registry=solr.jvm tag=null
2024-03-16 07:49:38.214 INFO  (JettyShutdownThread) [c: s: r: x: t:] o.a.s.m.SolrMetricManager Closing metric reporters for registry=solr.jetty tag=null
2024-03-16 07:49:38.238 INFO  (JettyShutdownThread) [c: s: r: x: t:] o.e.j.s.h.ContextHandler Stopped o.e.j.w.WebAppContext@21362712{solr-jetty-context.xml,/solr,null,STOPPED}{/opt/solr-9.5.0/server/solr-webapp/webapp}
